<?xml version="1.0" encoding="UTF-8"?>
<!-- Generated by org.testng.reporters.JUnitReportReporter -->
<testsuite hostname="LAPTOP-84OTAVJL" failures="0" tests="1" name="org.testing.TestScripts.TC6" time="79.169" errors="0" timestamp="4 Nov 2022 03:08:21 GMT">
  <testcase classname="org.testing.TestScripts.TC6" name="CommentOnVideo" time="79.169"/>
</testsuite> <!-- org.testing.TestScripts.TC6 -->
