<?xml version="1.0" encoding="UTF-8"?>
<!-- Generated by org.testng.reporters.JUnitReportReporter -->
<testsuite hostname="LAPTOP-84OTAVJL" failures="0" tests="1" name="org.testing.TestScripts.TC2" time="65.725" errors="0" timestamp="14 Nov 2022 17:32:18 GMT">
  <testcase classname="org.testing.TestScripts.TC2" name="HistoryClick" time="65.725"/>
</testsuite> <!-- org.testing.TestScripts.TC2 -->
